make.exe --dry-run --always-make --keep-going --print-directory
make.exe: Entering directory `d:/Desktop D/UMS/data structures and algorithms/Project'
g++ -std=c++2a -Wall -fdiagnostics-color=always -pedantic-errors -Werror -Wall -Weffc++ -Wextra -Wsign-conversion -O3 -DNDEBUG -o obj/addNewStudent.o -I ./header -c src/addNewStudent.cpp
g++ -std=c++2a -Wall -fdiagnostics-color=always -pedantic-errors -Werror -Wall -Weffc++ -Wextra -Wsign-conversion -O3 -DNDEBUG -o obj/addStudentResult.o -I ./header -c src/addStudentResult.cpp
g++ -std=c++2a -Wall -fdiagnostics-color=always -pedantic-errors -Werror -Wall -Weffc++ -Wextra -Wsign-conversion -O3 -DNDEBUG -o obj/cgpaAccordingToFaculty.o -I ./header -c src/cgpaAccordingToFaculty.cpp
g++ -std=c++2a -Wall -fdiagnostics-color=always -pedantic-errors -Werror -Wall -Weffc++ -Wextra -Wsign-conversion -O3 -DNDEBUG -o obj/cgpaAccordingToProgramme.o -I ./header -c src/cgpaAccordingToProgramme.cpp
g++ -std=c++2a -Wall -fdiagnostics-color=always -pedantic-errors -Werror -Wall -Weffc++ -Wextra -Wsign-conversion -O3 -DNDEBUG -o obj/cgpaAccordingToSemester.o -I ./header -c src/cgpaAccordingToSemester.cpp
g++ -std=c++2a -Wall -fdiagnostics-color=always -pedantic-errors -Werror -Wall -Weffc++ -Wextra -Wsign-conversion -O3 -DNDEBUG -o obj/deleteStudent.o -I ./header -c src/deleteStudent.cpp
g++ -std=c++2a -Wall -fdiagnostics-color=always -pedantic-errors -Werror -Wall -Weffc++ -Wextra -Wsign-conversion -O3 -DNDEBUG -o obj/deleteStudentResult.o -I ./header -c src/deleteStudentResult.cpp
g++ -std=c++2a -Wall -fdiagnostics-color=always -pedantic-errors -Werror -Wall -Weffc++ -Wextra -Wsign-conversion -O3 -DNDEBUG -o obj/getSelection.o -I ./header -c src/getSelection.cpp
g++ -std=c++2a -Wall -fdiagnostics-color=always -pedantic-errors -Werror -Wall -Weffc++ -Wextra -Wsign-conversion -O3 -DNDEBUG -o obj/main.o -I ./header -c src/main.cpp
g++ -std=c++2a -Wall -fdiagnostics-color=always -pedantic-errors -Werror -Wall -Weffc++ -Wextra -Wsign-conversion -O3 -DNDEBUG -o obj/mainMenu.o -I ./header -c src/mainMenu.cpp
g++ -std=c++2a -Wall -fdiagnostics-color=always -pedantic-errors -Werror -Wall -Weffc++ -Wextra -Wsign-conversion -O3 -DNDEBUG -o obj/mainMenuDisplay.o -I ./header -c src/mainMenuDisplay.cpp
g++ -std=c++2a -Wall -fdiagnostics-color=always -pedantic-errors -Werror -Wall -Weffc++ -Wextra -Wsign-conversion -O3 -DNDEBUG -o obj/searchStudent.o -I ./header -c src/searchStudent.cpp
g++ -std=c++2a -Wall -fdiagnostics-color=always -pedantic-errors -Werror -Wall -Weffc++ -Wextra -Wsign-conversion -O3 -DNDEBUG -o obj/statisticsOfCourseMenu.o -I ./header -c src/statisticsOfCourseMenu.cpp
g++ -std=c++2a -Wall -fdiagnostics-color=always -pedantic-errors -Werror -Wall -Weffc++ -Wextra -Wsign-conversion -O3 -DNDEBUG -o obj/statisticsOfCourseMenuDisplay.o -I ./header -c src/statisticsOfCourseMenuDisplay.cpp
g++ -std=c++2a -Wall -fdiagnostics-color=always -pedantic-errors -Werror -Wall -Weffc++ -Wextra -Wsign-conversion -O3 -DNDEBUG -o obj/statisticsOfStudentMenu.o -I ./header -c src/statisticsOfStudentMenu.cpp
g++ -std=c++2a -Wall -fdiagnostics-color=always -pedantic-errors -Werror -Wall -Weffc++ -Wextra -Wsign-conversion -O3 -DNDEBUG -o obj/statisticsOfStudentMenuDisplay.o -I ./header -c src/statisticsOfStudentMenuDisplay.cpp
g++ -std=c++2a -Wall -fdiagnostics-color=always -pedantic-errors -Werror -Wall -Weffc++ -Wextra -Wsign-conversion -O3 -DNDEBUG -o obj/studentProfileMenu.o -I ./header -c src/studentProfileMenu.cpp
g++ -std=c++2a -Wall -fdiagnostics-color=always -pedantic-errors -Werror -Wall -Weffc++ -Wextra -Wsign-conversion -O3 -DNDEBUG -o obj/studentProfileMenuDisplay.o -I ./header -c src/studentProfileMenuDisplay.cpp
g++ -std=c++2a -Wall -fdiagnostics-color=always -pedantic-errors -Werror -Wall -Weffc++ -Wextra -Wsign-conversion -O3 -DNDEBUG -o obj/studentResultMenu.o -I ./header -c src/studentResultMenu.cpp
g++ -std=c++2a -Wall -fdiagnostics-color=always -pedantic-errors -Werror -Wall -Weffc++ -Wextra -Wsign-conversion -O3 -DNDEBUG -o obj/studentResultMenuDisplay.o -I ./header -c src/studentResultMenuDisplay.cpp
g++ -std=c++2a -Wall -fdiagnostics-color=always -pedantic-errors -Werror -Wall -Weffc++ -Wextra -Wsign-conversion -O3 -DNDEBUG -o obj/totalNumberOfStudentAccordingToFaculty.o -I ./header -c src/totalNumberOfStudentAccordingToFaculty.cpp
g++ -std=c++2a -Wall -fdiagnostics-color=always -pedantic-errors -Werror -Wall -Weffc++ -Wextra -Wsign-conversion -O3 -DNDEBUG -o obj/totalNumberOfStudentAccordingToProgramme.o -I ./header -c src/totalNumberOfStudentAccordingToProgramme.cpp
g++ -std=c++2a -Wall -fdiagnostics-color=always -pedantic-errors -Werror -Wall -Weffc++ -Wextra -Wsign-conversion -O3 -DNDEBUG -o obj/totalNumberOfStudentAccordingToSemester.o -I ./header -c src/totalNumberOfStudentAccordingToSemester.cpp
g++ -std=c++2a -Wall -fdiagnostics-color=always -pedantic-errors -Werror -Wall -Weffc++ -Wextra -Wsign-conversion -O3 -DNDEBUG -o obj/updateStudent.o -I ./header -c src/updateStudent.cpp
g++ -std=c++2a -Wall -fdiagnostics-color=always -pedantic-errors -Werror -Wall -Weffc++ -Wextra -Wsign-conversion -O3 -DNDEBUG -o obj/updateStudentResult.o -I ./header -c src/updateStudentResult.cpp
g++ -std=c++2a -Wall -fdiagnostics-color=always -pedantic-errors -Werror -Wall -Weffc++ -Wextra -Wsign-conversion -O3 -DNDEBUG -o obj/Course.o -I ./header -c resource/Course.cpp
g++ -std=c++2a -Wall -fdiagnostics-color=always -pedantic-errors -Werror -Wall -Weffc++ -Wextra -Wsign-conversion -O3 -DNDEBUG -o obj/CourseList.o -I ./header -c resource/CourseList.cpp
g++ -std=c++2a -Wall -fdiagnostics-color=always -pedantic-errors -Werror -Wall -Weffc++ -Wextra -Wsign-conversion -O3 -DNDEBUG -o obj/Student.o -I ./header -c resource/Student.cpp
g++ -std=c++2a -Wall -fdiagnostics-color=always -pedantic-errors -Werror -Wall -Weffc++ -Wextra -Wsign-conversion -O3 -DNDEBUG -o obj/StudentList.o -I ./header -c resource/StudentList.cpp
g++ -std=c++2a -Wall -fdiagnostics-color=always -pedantic-errors -Werror -Wall -Weffc++ -Wextra -Wsign-conversion -O3 -DNDEBUG -o myapp obj/addNewStudent.o obj/addStudentResult.o obj/cgpaAccordingToFaculty.o obj/cgpaAccordingToProgramme.o obj/cgpaAccordingToSemester.o obj/deleteStudent.o obj/deleteStudentResult.o obj/getSelection.o obj/main.o obj/mainMenu.o obj/mainMenuDisplay.o obj/searchStudent.o obj/statisticsOfCourseMenu.o obj/statisticsOfCourseMenuDisplay.o obj/statisticsOfStudentMenu.o obj/statisticsOfStudentMenuDisplay.o obj/studentProfileMenu.o obj/studentProfileMenuDisplay.o obj/studentResultMenu.o obj/studentResultMenuDisplay.o obj/totalNumberOfStudentAccordingToFaculty.o obj/totalNumberOfStudentAccordingToProgramme.o obj/totalNumberOfStudentAccordingToSemester.o obj/updateStudent.o obj/updateStudentResult.o obj/Course.o obj/CourseList.o obj/Student.o obj/StudentList.o  
make.exe: Leaving directory `d:/Desktop D/UMS/data structures and algorithms/Project'
 
