make.exe all --print-data-base --no-builtin-variables --no-builtin-rules --question
# GNU Make 3.81
# Copyright (C) 2006  Free Software Foundation, Inc.
# This is free software; see the source for copying conditions.
# There is NO warranty; not even for MERCHANTABILITY or FITNESS FOR A
# PARTICULAR PURPOSE.

# This program built for i386-pc-mingw32
 

# Make data base, printed on Thu Jun 23 22:50:12 2022

# Variables

# automatic
<D = $(patsubst %/,%,$(dir $<))
# automatic
?F = $(notdir $?)
# environment
CUDA_PATH_V11_6 = C:\Program Files\NVIDIA GPU Computing Toolkit\CUDA\v11.6
# makefile (from `makefile', line 17)
OBJ = $(SRC:$(SRCDIR)/%$(EXT)=$(OBJDIR)/%.o)
# makefile (from `makefile', line 15)
SRC = $(wildcard $(SRCDIR)/*$(EXT))
# makefile
MAKEFLAGS = Rrqp
# environment
VSCODE_LOG_NATIVE = false
# automatic
?D = $(patsubst %/,%,$(dir $?))
# automatic 

@D = $(patsubst %/,%,$(dir $@))
# environment
HOMEDRIVE = C:
# automatic
@F = $(notdir $@)
# automatic
^D = $(patsubst %/,%,$(dir $^))
# makefile
CURDIR := d:/Desktop D/UMS/data structures and algorithms/Project
# default
SHELL := sh.exe
# environment
WINDIR = C:\WINDOWS
# environment
VSCODE_NLS_CONFIG = {"locale":"en-us","availableLanguages":{},"_languagePackSupport":true}
# environment
ONEDRIVE = C:\Users\Nighthawks\OneDrive
# environment
PATHEXT = .COM;.EXE;.BAT;.CMD;.VBS;.VBE;.JS;.JSE;.WSF;.WSH;.MSC
# makefile (from `makefile', line 1)
MAKEFILE_LIST :=  makefile
# environment
FPS_BROWSER_USER_PROFILE_STRING = Default
# makefile (from `makefile', line 22)
OBJRESDEBUG = $(RES:$(RESDIR)/%$(EXT)=$(DEBUG)/%.o)
# makefile (from `makefile', line 13)
DEBUG = debug
# environment
TMP = C:\Users\NIGHTH~1\AppData\Local\Temp
# makefile (from `makefile', line 3)
CXXFLAGS = -std=c++2a -Wall -fdiagnostics-color=always -pedantic-errors -Werror -Wall -Weffc++ -Wextra -Wsign-conversion -O3 -DNDEBUG
# environment
VSCODE_VERBOSE_LOGGING = true
# makefile (from `makefile', line 16)
RES = $(wildcard $(RESDIR)/*$(EXT))
# environment
PROGRAMW6432 = C:\Program Files
# makefile (from `makefile', line 29)
DEL = del
# environment
PROGRAMDATA = C:\ProgramData
# environment
VSCODE_IPC_HOOK_EXTHOST = \\.\pipe\vscode-ipc-2762afa2-d03a-4e0d-a1d0-bd4fbe8de3a7-sock
# environment
VSCODE_CWD = C:\Users\Nighthawks\AppData\Local\Programs\Microsoft VS Code
# environment
PATH = C:\Program Files\NVIDIA GPU Computing Toolkit\CUDA\v11.6\bin;C:\Program Files\NVIDIA GPU Computing Toolkit\CUDA\v11.6\libnvvp;C:\Program Files\Common Files\Oracle\Java\javapath;C:\WINDOWS\system32;C:\WINDOWS;C:\WINDOWS\System32\Wbem;C:\WINDOWS\System32\WindowsPowerShell\v1.0\;C:\WINDOWS\System32\OpenSSH\;C:\Program Files (x86)\NVIDIA Corporation\PhysX\Common;C:\Program Files\NVIDIA Corporation\NVIDIA NvDLISR;C:\WINDOWS\system32;C:\WINDOWS;C:\WINDOWS\System32\Wbem;C:\WINDOWS\System32\WindowsPowerShell\v1.0\;C:\WINDOWS\System32\OpenSSH\;C:\Program Files\Microsoft SQL Server\150\Tools\Binn\;C:\Program Files\Git\cmd;C:\Program Files\dotnet\;C:\Program Files\NVIDIA Corporation\Nsight Compute 2022.1.1\;D:\Program File D\Java\jdk-18.0.1.1\bin;D:\Program File D\msys64\mingw64\bin;D:\Program File D\GnuWin32\bin;D:\Program File D\anaconda3;D:\Program File D\anaconda3\envs\intelai;C:\Users\Nighthawks\AppData\Local\Microsoft\WindowsApps;C:\Users\Nighthawks\AppData\Local\Programs\Microsoft VS Code\bin;C:\Users\Nighthawks\.dotnet\tools;D:\Program File D\zlib123dllx64\dll_x64;C:\Program Files 
\NVIDIA GPU Computing Toolkit\CUDA\v11.6;
# environment
COMMONPROGRAMW6432 = C:\Program Files\Common Files
# environment
ZES_ENABLE_SYSMAN = 1
# makefile (from `makefile', line 19)
DEP = $(OBJ:$(OBJDIR)/%.o=%.d)
# environment
PROCESSOR_ARCHITECTURE = x86
# environment
USERPROFILE = C:\Users\Nighthawks
# environment
ALLUSERSPROFILE = C:\ProgramData
# environment
VSCODE_LOG_STACK = false
# environment
NUMBER_OF_PROCESSORS = 20
# environment
ELECTRON_RUN_AS_NODE = 1
# makefile (from `makefile', line 4)
LDFLAGS 
 = 
# default
.FEATURES := target-specific order-only second-expansion else-if archives
# environment
NVTOOLSEXT_PATH = C:\Program Files\NVIDIA Corporation\NvToolsExt\
# makefile (from `makefile', line 10)
SRCDIR = src
# automatic
%F = $(notdir $%)
# environment
CHROME_CRASHPAD_PIPE_NAME = \\.\pipe\crashpad_5808_EQXOUMVPYLWZBEZS
# environment
VSCODE_PIPE_LOGGING = true
# environment
COMPUTERNAME = DESKTOP-6M6FS24
# makefile (from `makefile', line 5)
DEBUGFLAGS = -std=c++2a -Wall -fdiagnostics-color=always - 
pedantic-errors -Werror -Wall -Weffc++ -Wextra -Wsign-conversion -g -O0 -DDEBUG
# environment
PROGRAMFILES = C:\Program Files (x86)
# environment
DRIVERDATA = C:\Windows\System32\Drivers\DriverData
# environment
ORIGINAL_XDG_CURRENT_DESKTOP = undefined
# environment
USERNAME = Nighthawks
# environment
PUBLIC = C:\Users\Public
# environment
VSCODE_AMD_ENTRYPOINT = vs/workbench/api/node/extensionHostProcess
# environment
VSCODE_CODE_CACHE_PATH = C:\Users\Nighthawks\AppData\Roaming\Code\CachedData\30d9c6cd9483 
b2cc586687151bcbcd635f373630
# environment
APPLICATION_INSIGHTS_NO_DIAGNOSTIC_CHANNEL = 1
# environment
COMMONPROGRAMFILES = C:\Program Files (x86)\Common Files
# environment
LOGONSERVER = \\DESKTOP-6M6FS24
# environment
ONEDRIVECONSUMER = C:\Users\Nighthawks\OneDrive
# environment
VSCODE_HANDLES_UNCAUGHT_ERRORS = true
# environment
USERDOMAIN = DESKTOP-6M6FS24
# default
MAKE = $(MAKE_COMMAND)
# default
MAKECMDGOALS := all
# makefile (from `makefile', line 25)
APPNAME = myapp
# makefile (from `makefile', li 
ne 2)
CC = g++
# default
MAKE_VERSION := 3.81
# makefile
.DEFAULT_GOAL := all
# makefile (from `makefile', line 21)
OBJDEBUG = $(SRC:$(SRCDIR)/%$(EXT)=$(DEBUG)/%.o)
# environment
PROGRAMFILES(X86) = C:\Program Files (x86)
# automatic
%D = $(patsubst %/,%,$(dir $%))
# environment
LOCALAPPDATA = C:\Users\Nighthawks\AppData\Local
# environment
PSMODULEPATH = C:\Program Files\WindowsPowerShell\Modules;C:\WINDOWS\system32\WindowsPowerShell\v1.0\Modules
# default
MAKE_COMMAND := make.exe
# environment
PROCESSOR_A 
RCHITEW6432 = AMD64
# default
.VARIABLES := 
# automatic
*F = $(notdir $*)
# environment
PROCESSOR_IDENTIFIER = Intel64 Family 6 Model 154 Stepping 3, GenuineIntel
# environment
OS = Windows_NT
# environment
VSCODE_IPC_HOOK = \\.\pipe\ab9acaadd519dc0286d716b9865fc6b1-1.68.1-main-sock
# makefile (from `makefile', line 9)
EXT = .cpp
# environment
HOMEPATH = \Users\Nighthawks
# environment
COMMONPROGRAMFILES(X86) = C:\Program Files (x86)\Common Files
# environment
PROMPT = $P$G
# environment
MFLAGS = -Rrqp
# a 
utomatic
*D = $(patsubst %/,%,$(dir $*))
# environment
SYSTEMROOT = C:\WINDOWS
# automatic
+D = $(patsubst %/,%,$(dir $+))
# automatic
+F = $(notdir $+)
# makefile (from `makefile', line 12)
RESDIR = resource
# environment
APPDATA = C:\Users\Nighthawks\AppData\Roaming
# environment
TEMP = C:\Users\NIGHTH~1\AppData\Local\Temp
# makefile (from `makefile', line 18)
OBJRES = $(RES:$(RESDIR)/%$(EXT)=$(OBJDIR)/%.o)
# environment
COMSPEC = C:\WINDOWS\system32\cmd.exe
# default
MAKEFILES := 
# automatic
<F = $(notd 
ir $<)
# makefile (from `makefile', line 11)
OBJDIR = obj
# environment
LC_ALL = C
# makefile (from `makefile', line 24)
HEADER = .\header
# automatic
^F = $(notdir $^)
# environment
CUDA_PATH = C:\Program Files\NVIDIA GPU Computing Toolkit\CUDA\v11.6
# default
SUFFIXES := 
# environment
SYSTEMDRIVE = C:
# environment
SESSIONNAME = Console
# environment
PROCESSOR_REVISION = 9a03
# makefile (from `makefile', line 26)
APPNAMEDEBUG = myappdebug
# environment
MAKELEVEL := 0
# environment
LANG = C
# environment
 
PROCESSOR_LEVEL = 6
# environment
FPS_BROWSER_APP_PROFILE_STRING = Internet Explorer
# environment
VSCODE_PID = 5808
# environment
USERDOMAIN_ROAMINGPROFILE = DESKTOP-6M6FS24
# variable set hash-table stats:
# Load=113/1024=11%, Rehash=0, Collisions=15/178=8%

# Pattern-specific Variable Values

# No pattern-specific variable values.

# Directories

# C:\Program Files\NVIDIA GPU Computing Toolkit\CUDA\v11.6\bin (key C:/Program Files/NVIDIA GPU Computing Toolkit/CUDA/v11.6/bin, mtime 1655796831): 52 files, n 
o impossibilities.
# C:\Users\Nighthawks\AppData\Local\Microsoft\WindowsApps (key C:/Users/Nighthawks/AppData/Local/Microsoft/WindowsApps, mtime 1655988812): 34 files, no impossibilities.
# D:\Program File D\anaconda3\envs\intelai (key D:/Program File D/anaconda3/envs/intelai, mtime 1655840155): 5 files, no impossibilities.
# D:\Program File D\zlib123dllx64\dll_x64 (key D:/Program File D/zlib123dllx64/dll_x64, mtime 1655842123): 7 files, no impossibilities.
# C:\Program Files\Microsoft SQL Server\150\Tools\ 
Binn\ (key C:/Program Files/Microsoft SQL Server/150/Tools/Binn/, mtime 1655491800): 4 files, no impossibilities.
# C:\Program Files\NVIDIA Corporation\Nsight Compute 2022.1.1\ (key C:/Program Files/NVIDIA Corporation/Nsight Compute 2022.1.1/, mtime 1655796076): 12 files, no impossibilities.
# C:\WINDOWS\System32\WindowsPowerShell\v1.0\ (key C:/WINDOWS/System32/WindowsPowerShell/v1.0/, mtime 1655455086): 34 files, no impossibilities.
# D:\Program File D\Java\jdk-18.0.1.1\bin (key D:/Program File D/Java/jdk- 
18.0.1.1/bin, mtime 1655841550): 124 files, no impossibilities.
# C:\WINDOWS\System32\Wbem (key C:/WINDOWS/System32/Wbem, mtime 1655455086): 175 files, no impossibilities.
# . (key d:/Desktop D/UMS/data structures and algorithms/Project, mtime 1655994195): 13 files, no impossibilities.
# C:\Program Files (x86)\NVIDIA Corporation\PhysX\Common (key C:/Program Files (x86)/NVIDIA Corporation/PhysX/Common, mtime 1655445947): 10 files, no impossibilities.
# D:\Program File D\msys64\mingw64\bin (key D:/Program File D/msys64/mingw64/bin, mtime 1655841920): 210 files, no impossibilities.
# C:\Program Files\dotnet\ (key C:/Program Files/dotnet/, mtime 1655792070): 12 files, no impossibilities.
# C:\Program Files\NVIDIA GPU Computing Toolkit\CUDA\v11.6 (key C:/Program Files/NVIDIA GPU Computing Toolkit/CUDA/v11.6, mtime 1655796120): 17 files, no impossibilities.
# resource (key d:/Desktop D/UMS/data structures and algorithms/Project/resource, mtime 1655839991): 6 files, no impossibilities.
# C:\WINDOWS\System32\OpenSSH\ 
: could not be stat'd.
# C:\WINDOWS (key C:/WINDOWS, mtime 1655987280): 125 files, no impossibilities.
# C:\Program Files\Common Files\Oracle\Java\javapath (key C:/Program Files/Common Files/Oracle/Java/javapath, mtime 1655492990): 6 files, no impossibilities.
# C:\Users\Nighthawks\AppData\Local\Programs\Microsoft VS Code\bin (key C:/Users/Nighthawks/AppData/Local/Programs/Microsoft VS Code/bin, mtime 1655490543): 4 files, no impossibilities.
# C:\Program Files\NVIDIA GPU Computing Toolkit\CUDA\v11.6\libnvv 
p (key C:/Program Files/NVIDIA GPU Computing Toolkit/CUDA/v11.6/libnvvp, mtime 1655796120): 14 files, no impossibilities.
# src (key d:/Desktop D/UMS/data structures and algorithms/Project/src, mtime 1655988911): 27 files, no impossibilities.
# C:\Users\Nighthawks\.dotnet\tools: could not be stat'd.
# D:\Program File D\GnuWin32\bin (key D:/Program File D/GnuWin32/bin, mtime 1655841548): 5 files, no impossibilities.
# C:\Program Files\Git\cmd (key C:/Program Files/Git/cmd, mtime 1655755219): 8 files, no impo 
ssibilities.
# C:\WINDOWS\system32 (key C:/WINDOWS/system32, mtime 1655928613): 2938 files, no impossibilities.
# D:\Program File D\anaconda3 (key D:/Program File D/anaconda3, mtime 1655841431): 89 files, no impossibilities.
# C:\Program Files\NVIDIA Corporation\NVIDIA NvDLISR (key C:/Program Files/NVIDIA Corporation/NVIDIA NvDLISR, mtime 1655445954): 5 files, no impossibilities.

# 3936 files, no impossibilities in 27 directories.

# Implicit Rules

obj/%.o: src/%.cpp
#  commands to execute (from `makefile', line 40):
	$(CC) $(CXXFLAGS) -o $@ -I ./header -c $<
	

obj/%.o: resource/%.cpp
#  commands to execute (from `makefile', line 43):
	$(CC) $(CXXFLAGS) -o $@ -I ./header -c $<
	

debug/%.o: src/%.cpp
#  commands to execute (from `makefile', line 64):
	$(CC) $(DEBUGFLAGS) -o $@ -I ./header -c $<
	

debug/%.o: resource/%.cpp
#  commands to execute (from `makefile', line 67):
	$(CC) $(DEBUGFLAGS) -o $@ -I ./header -c $<
	

# 4 implicit rules, 0 (0.0%) terminal.

# Files

# Not a target:
obj/Student.o:
#  Impl 
icit rule search has not been done.
#  Modification time never checked.
#  File has not been updated.

# Not a target:
debug/main.o:
#  Implicit rule search has not been done.
#  Modification time never checked.
#  File has not been updated.

myapp: obj/addNewStudent.o obj/addStudentResult.o obj/cgpaAccordingToFaculty.o obj/cgpaAccordingToProgramme.o obj/cgpaAccordingToSemester.o obj/deleteStudent.o obj/deleteStudentResult.o obj/getSelection.o obj/main.o obj/mainMenu.o obj/mainMenuDisplay.o obj/searchStudent.o obj/statisticsOfCourseMenu.o obj/statisticsOfCourseMenuDisplay.o obj/statisticsOfStudentMenu.o obj/statisticsOfStudentMenuDisplay.o obj/studentProfileMenu.o obj/studentProfileMenuDisplay.o obj/studentResultMenu.o obj/studentResultMenuDisplay.o obj/totalNumberOfStudentAccordingToFaculty.o obj/totalNumberOfStudentAccordingToProgramme.o obj/totalNumberOfStudentAccordingToSemester.o obj/updateStudent.o obj/updateStudentResult.o obj/Course.o obj/CourseList.o obj/Student.o obj/StudentList.o
#  Implicit rule s 
earch has not been done.
#  File does not exist.
#  File has been updated.
#  Needs to be updated (-q is set).
# variable set hash-table stats:
# Load=0/32=0%, Rehash=0, Collisions=0/4=0%
#  commands to execute (from `makefile', line 37):
	$(CC) $(CXXFLAGS) -o $@ $^ $(LDFLAGS) 
	

# Not a target:
debug/Course.o:
#  Implicit rule search has not been done.
#  Modification time never checked.
#  File has not been updated.

# Not a target:
obj/updateStudent.o:
#  Implicit rule search has not been done.
#  Modification time never checked.
#  File has not been updated.

# Not a target:
obj/mainMenu.o:
#  Implicit rule search has not been done.
#  Modification time never checked.
#  File has not been updated.

# Not a target:
debug/statisticsOfStudentMenu.o:
#  Implicit rule search has not been done.
#  Modification time never checked.
#  File has not been updated.

all: myapp
#  Command-line target.
#  Implicit rule search has been done.
#  File does not exist.
#  File has been updated.
#  Needs to be updated (-q i 
s set).
# variable set hash-table stats:
# Load=0/32=0%, Rehash=0, Collisions=0/4=0%

# Not a target:
obj/statisticsOfCourseMenuDisplay.o:
#  Implicit rule search has not been done.
#  Modification time never checked.
#  File has not been updated.

# Not a target:
debug/cgpaAccordingToProgramme.o:
#  Implicit rule search has not been done.
#  Modification time never checked.
#  File has not been updated.

# Not a target:
debug/cgpaAccordingToSemester.o:
#  Implicit rule search has not been done.
#  Modifica 
tion time never checked.
#  File has not been updated.

.PHONY: clean cleandebug rebuild
#  Implicit rule search has not been done.
#  Modification time never checked.
#  File has not been updated.

# Not a target:
debug/totalNumberOfStudentAccordingToFaculty.o:
#  Implicit rule search has not been done.
#  Modification time never checked.
#  File has not been updated.

# Not a target:
obj/totalNumberOfStudentAccordingToProgramme.o:
#  Implicit rule search has not been done.
#  Modification time never check 
ed.
#  File has not been updated.

# Not a target:
debug/studentResultMenuDisplay.o:
#  Implicit rule search has not been done.
#  Modification time never checked.
#  File has not been updated.

# Not a target:
obj/updateStudentResult.o:
#  Implicit rule search has not been done.
#  Modification time never checked.
#  File has not been updated.

# Not a target:
obj/studentProfileMenuDisplay.o:
#  Implicit rule search has not been done.
#  Modification time never checked.
#  File has not been updated.

# Not 
 a target:
.DEFAULT:
#  Implicit rule search has not been done.
#  Modification time never checked.
#  File has not been updated.

# Not a target:
obj/totalNumberOfStudentAccordingToSemester.o:
#  Implicit rule search has not been done.
#  Modification time never checked.
#  File has not been updated.

# Not a target:
debug/getSelection.o:
#  Implicit rule search has not been done.
#  Modification time never checked.
#  File has not been updated.

# Not a target:
obj/main.o:
#  Implicit rule search has not  
been done.
#  Modification time never checked.
#  File has not been updated.

# Not a target:
src/addNewStudent.cpp:
#  Implicit rule search has been done.
#  Last modified 2022-06-23 03:09:24
#  File has been updated.
#  Successfully updated.
# variable set hash-table stats:
# Load=0/32=0%, Rehash=0, Collisions=0/0=0%

rebuild: clean all
#  Phony target (prerequisite of .PHONY).
#  Implicit rule search has not been done.
#  File does not exist.
#  File has not been updated.

debug: myappdebug
#  Implicit r 
ule search has not been done.
#  Modification time never checked.
#  File has not been updated.

# Not a target:
obj/Course.o:
#  Implicit rule search has not been done.
#  Modification time never checked.
#  File has not been updated.

# Not a target:
obj/statisticsOfStudentMenu.o:
#  Implicit rule search has not been done.
#  Modification time never checked.
#  File has not been updated.

# Not a target:
makefile:
#  Implicit rule search has been done.
#  Last modified 2022-05-15 14:56:18
#  File has been 
 updated.
#  Successfully updated.
# variable set hash-table stats:
# Load=0/32=0%, Rehash=0, Collisions=0/0=0%

# Not a target:
debug/mainMenuDisplay.o:
#  Implicit rule search has not been done.
#  Modification time never checked.
#  File has not been updated.

# Not a target:
debug/cgpaAccordingToFaculty.o:
#  Implicit rule search has not been done.
#  Modification time never checked.
#  File has not been updated.

# Not a target:
obj/cgpaAccordingToProgramme.o:
#  Implicit rule search has not been done. 

#  Modification time never checked.
#  File has not been updated.

# Not a target:
obj/cgpaAccordingToSemester.o:
#  Implicit rule search has not been done.
#  Modification time never checked.
#  File has not been updated.

# Not a target:
obj/totalNumberOfStudentAccordingToFaculty.o:
#  Implicit rule search has not been done.
#  Modification time never checked.
#  File has not been updated.

# Not a target:
debug/searchStudent.o:
#  Implicit rule search has not been done.
#  Modification time never checke 
d.
#  File has not been updated.

# Not a target:
obj/studentResultMenuDisplay.o:
#  Implicit rule search has not been done.
#  Modification time never checked.
#  File has not been updated.

# Not a target:
debug/statisticsOfCourseMenu.o:
#  Implicit rule search has not been done.
#  Modification time never checked.
#  File has not been updated.

# Not a target:
obj/getSelection.o:
#  Implicit rule search has not been done.
#  Modification time never checked.
#  File has not been updated.

# Not a target:
 
debug/addStudentResult.o:
#  Implicit rule search has not been done.
#  Modification time never checked.
#  File has not been updated.

# Not a target:
debug/CourseList.o:
#  Implicit rule search has not been done.
#  Modification time never checked.
#  File has not been updated.

# Not a target:
debug/studentProfileMenu.o:
#  Implicit rule search has not been done.
#  Modification time never checked.
#  File has not been updated.

# Not a target:
.SUFFIXES:
#  Implicit rule search has not been done.
#  Mod 
ification time never checked.
#  File has not been updated.

# Not a target:
obj/mainMenuDisplay.o:
#  Implicit rule search has not been done.
#  Modification time never checked.
#  File has not been updated.

# Not a target:
debug/addNewStudent.o:
#  Implicit rule search has not been done.
#  Modification time never checked.
#  File has not been updated.

# Not a target:
obj/cgpaAccordingToFaculty.o:
#  Implicit rule search has not been done.
#  Modification time never checked.
#  File has not been updated 
.

# Not a target:
debug/statisticsOfStudentMenuDisplay.o:
#  Implicit rule search has not been done.
#  Modification time never checked.
#  File has not been updated.

cleandebug:
#  Phony target (prerequisite of .PHONY).
#  Implicit rule search has not been done.
#  File does not exist.
#  File has not been updated.
#  commands to execute (from `makefile', line 52):
	$(DEL) .\debug\*.o .\$(APPNAMEDEBUG).exe 
	

# Not a target:
debug/StudentList.o:
#  Implicit rule search has not been done.
#  Modification 
 time never checked.
#  File has not been updated.

# Not a target:
obj/StudentList.o:
#  Implicit rule search has not been done.
#  Modification time never checked.
#  File has not been updated.

# Not a target:
obj/searchStudent.o:
#  Implicit rule search has not been done.
#  Modification time never checked.
#  File has not been updated.

# Not a target:
debug/deleteStudent.o:
#  Implicit rule search has not been done.
#  Modification time never checked.
#  File has not been updated.

# Not a target:
obj 
/statisticsOfCourseMenu.o:
#  Implicit rule search has not been done.
#  Modification time never checked.
#  File has not been updated.

# Not a target:
obj/addStudentResult.o:
#  Implicit rule search has not been done.
#  Modification time never checked.
#  File has not been updated.

clean:
#  Phony target (prerequisite of .PHONY).
#  Implicit rule search has not been done.
#  File does not exist.
#  File has not been updated.
#  commands to execute (from `makefile', line 48):
	$(DEL) .\obj\*.o .\$(APPNAM 
E).exe 
	

# Not a target:
debug/studentResultMenu.o:
#  Implicit rule search has not been done.
#  Modification time never checked.
#  File has not been updated.

# Not a target:
obj/studentProfileMenu.o:
#  Implicit rule search has not been done.
#  Modification time never checked.
#  File has not been updated.

# Not a target:
debug/deleteStudentResult.o:
#  Implicit rule search has not been done.
#  Modification time never checked.
#  File has not been updated.

# Not a target:
debug/Student.o:
#  Impli 
cit rule search has not been done.
#  Modification time never checked.
#  File has not been updated.

obj/addNewStudent.o: src/addNewStudent.cpp
#  Implicit rule search has been done.
#  Implicit/static pattern stem: `addNewStudent'
#  Last modified 2022-06-04 15:04:20
#  File has been updated.
#  Needs to be updated (-q is set).
# automatic
# @ := obj/addNewStudent.o
# automatic
# % := 
# automatic
# * := addNewStudent
# automatic
# + := src/addNewStudent.cpp
# automatic
# | := 
# automatic
# < := src/addN 
ewStudent.cpp
# automatic
# ^ := src/addNewStudent.cpp
# automatic
# ? := src/addNewStudent.cpp
# variable set hash-table stats:
# Load=8/32=25%, Rehash=0, Collisions=1/14=7%
#  commands to execute (from `makefile', line 40):
	$(CC) $(CXXFLAGS) -o $@ -I ./header -c $<
	

# Not a target:
obj/statisticsOfStudentMenuDisplay.o:
#  Implicit rule search has not been done.
#  Modification time never checked.
#  File has not been updated.

# Not a target:
obj/deleteStudent.o:
#  Implicit rule search has not been do 
ne.
#  Modification time never checked.
#  File has not been updated.

# Not a target:
debug/updateStudent.o:
#  Implicit rule search has not been done.
#  Modification time never checked.
#  File has not been updated.

# Not a target:
debug/mainMenu.o:
#  Implicit rule search has not been done.
#  Modification time never checked.
#  File has not been updated.

# Not a target:
debug/statisticsOfCourseMenuDisplay.o:
#  Implicit rule search has not been done.
#  Modification time never checked.
#  File has no 
t been updated.

# Not a target:
obj/studentResultMenu.o:
#  Implicit rule search has not been done.
#  Modification time never checked.
#  File has not been updated.

# Not a target:
obj/CourseList.o:
#  Implicit rule search has not been done.
#  Modification time never checked.
#  File has not been updated.

# Not a target:
debug/totalNumberOfStudentAccordingToProgramme.o:
#  Implicit rule search has not been done.
#  Modification time never checked.
#  File has not been updated.

# Not a target:
obj/dele 
teStudentResult.o:
#  Implicit rule search has not been done.
#  Modification time never checked.
#  File has not been updated.

# Not a target:
debug/updateStudentResult.o:
#  Implicit rule search has not been done.
#  Modification time never checked.
#  File has not been updated.

# Not a target:
debug/studentProfileMenuDisplay.o:
#  Implicit rule search has not been done.
#  Modification time never checked.
#  File has not been updated.

# Not a target:
debug/totalNumberOfStudentAccordingToSemester.o:
#  Implicit rule search has not been done.
#  Modification time never checked.
#  File has not been updated.

myappdebug: debug/addNewStudent.o debug/addStudentResult.o debug/cgpaAccordingToFaculty.o debug/cgpaAccordingToProgramme.o debug/cgpaAccordingToSemester.o debug/deleteStudent.o debug/deleteStudentResult.o debug/getSelection.o debug/main.o debug/mainMenu.o debug/mainMenuDisplay.o debug/searchStudent.o debug/statisticsOfCourseMenu.o debug/statisticsOfCourseMenuDisplay.o debug/statisticsOfStudentMenu.o d 
ebug/statisticsOfStudentMenuDisplay.o debug/studentProfileMenu.o debug/studentProfileMenuDisplay.o debug/studentResultMenu.o debug/studentResultMenuDisplay.o debug/totalNumberOfStudentAccordingToFaculty.o debug/totalNumberOfStudentAccordingToProgramme.o debug/totalNumberOfStudentAccordingToSemester.o debug/updateStudent.o debug/updateStudentResult.o debug/Course.o debug/CourseList.o debug/Student.o debug/StudentList.o
#  Implicit rule search has not been done.
#  Modification time never checked.
#  File has 
 not been updated.
#  commands to execute (from `makefile', line 61):
	$(CC) $(DEBUGFLAGS) -o $@ $^ $(LDFLAGS) 
	

# files hash-table stats:
# Load=70/1024=7%, Rehash=0, Collisions=7/152=5%
# VPATH Search Paths

# No `vpath' search paths.

# No general (`VPATH' variable) search path.

# # of strings in strcache: 1
# # of strcache buffers: 1
# strcache size: total = 4096 / max = 4096 / min = 4096 / avg = 4096
# strcache free: total = 4087 / max = 4087 / min = 4087 / avg = 4087

# Finished Make data base on T 
hu Jun 23 22:50:12 2022

 
